Arguments: 
  C:\Program Files\nodejs\node.exe C:\Program Files (x86)\Yarn\bin\yarn.js install

PATH: 
  C:\Program Files (x86)\Common Files\Intel\Shared Libraries\redist\intel64\compiler;C:\Program Files (x86)\Common Files\Oracle\Java\javapath;C:\Program Files\MongoDB\Server\4.0\bin;C:\Program Files\AdoptOpenJDK\jdk-11.0.3.7-hotspot\bin;C:\Program Files\AdoptOpenJDK\jdk-8.0.212.03-hotspot\bin;C:\WINDOWS\system32;C:\WINDOWS;C:\WINDOWS\System32\Wbem;C:\WINDOWS\System32\WindowsPowerShell\v1.0\;C:\Program Files\Git\cmd;C:\Program Files\nodejs\;C:\Program Files (x86)\Yarn\bin\;C:\Users\Brian\AppData\Roaming\npm\;;C:\WINDOWS\System32\OpenSSH\;C:\Program Files\Amazon\SessionManagerPlugin\bin\;C:\Users\Brian\AppData\Local\Programs\Python\Python38-32\Scripts\;C:\Users\Brian\AppData\Local\Programs\Python\Python38-32\;C:\Program Files\MySQL\MySQL Shell 8.0\bin\;C:\ProgramData\Brian\hyper\app-3.0.2\resources\bin;C:\Users\Brian\AppData\Local\Programs\Microsoft VS Code\bin;C:\Users\Brian\AppData\Local\GitHubDesktop\bin;C:\Users\Brian\AppData\Local\atom-nightly\bin;C:\Program Files\JetBrains\CLion 2019.2.1\bin;C:\Users\Brian\AppData\Local\atom\bin;C:\Program Files\JetBrains\PhpStorm 2019.2.3\bin;;C:\Users\Brian\AppData\Local\Microsoft\WindowsApps;

Yarn version: 
  1.16.0

Node version: 
  10.16.0

Platform: 
  win32 x64

Trace: 
  Error: EPERM: operation not permitted, unlink 'C:\Users\Brian\projeto_integra\frontend\node_modules\node-sass\vendor\win32-x64-64\binding.node'

npm manifest: 
  {
    "name": "web",
    "version": "0.1.0",
    "private": true,
    "dependencies": {
      "@testing-library/jest-dom": "^4.2.4",
      "@testing-library/react": "^9.3.2",
      "@testing-library/user-event": "^7.1.2",
      "husky": "^4.2.1",
      "mongodb-stitch-browser-sdk": "^4.8.0",
      "node-sass": "^4.13.1",
      "prop-types": "^15.7.2",
      "react": "^16.12.0",
      "react-dom": "^16.12.0",
      "react-redux": "^7.1.3",
      "react-router": "^5.1.2",
      "react-router-dom": "^5.1.2",
      "react-scripts": "3.3.0",
      "redux": "^4.0.5",
      "styled-components": "^5.0.0",
      "yarnhook": "^0.4.3"
    },
    "scripts": {
      "start": "react-scripts start",
      "build": "react-scripts build",
      "test": "react-scripts test",
      "eject": "react-scripts eject"
    },
    "husky": {
      "hooks": {
        "post-checkout": "yarnhook",
        "post-merge": "yarnhook",
        "post-rewrite": "yarnhook"
      }
    },
    "eslintConfig": {
      "extends": "react-app"
    },
    "browserslist": {
      "production": [
        ">0.2%",
        "not dead",
        "not op_mini all"
      ],
      "development": [
        "last 1 chrome version",
        "last 1 firefox version",
        "last 1 safari version"
      ]
    }
  }

yarn manifest: 
  No manifest

Lockfile: 
  No lockfile
